{"/home/wws/wsTrack/mobile/src/store/settingsStore.ts": {"path":"/home/wws/wsTrack/mobile/src/store/settingsStore.ts","statementMap":{"0":{"start":{"line":10,"column":23},"end":{"line":11,"column":71}},"1":{"start":{"line":11,"column":2},"end":{"line":11,"column":71}},"2":{"start":{"line":28,"column":32},"end":{"line":59,"column":1}},"3":{"start":{"line":30,"column":14},"end":{"line":47,"column":5}},"4":{"start":{"line":35,"column":37},"end":{"line":35,"column":56}},"5":{"start":{"line":37,"column":8},"end":{"line":39,"column":10}},"6":{"start":{"line":40,"column":40},"end":{"line":40,"column":74}},"7":{"start":{"line":41,"column":33},"end":{"line":41,"column":50}},"8":{"start":{"line":43,"column":8},"end":{"line":46,"column":11}},"9":{"start":{"line":43,"column":24},"end":{"line":46,"column":9}},"10":{"start":{"line":50,"column":30},"end":{"line":55,"column":7}},"11":{"start":{"line":56,"column":39},"end":{"line":56,"column":51}}},"fnMap":{"0":{"name":"(anonymous_0)","decl":{"start":{"line":10,"column":23},"end":{"line":10,"column":24}},"loc":{"start":{"line":11,"column":2},"end":{"line":11,"column":71}},"line":11},"1":{"name":"(anonymous_1)","decl":{"start":{"line":30,"column":4},"end":{"line":30,"column":5}},"loc":{"start":{"line":30,"column":14},"end":{"line":47,"column":5}},"line":30},"2":{"name":"(anonymous_2)","decl":{"start":{"line":35,"column":21},"end":{"line":35,"column":22}},"loc":{"start":{"line":35,"column":37},"end":{"line":35,"column":56}},"line":35},"3":{"name":"(anonymous_3)","decl":{"start":{"line":36,"column":29},"end":{"line":36,"column":30}},"loc":{"start":{"line":37,"column":8},"end":{"line":39,"column":10}},"line":37},"4":{"name":"(anonymous_4)","decl":{"start":{"line":40,"column":27},"end":{"line":40,"column":28}},"loc":{"start":{"line":40,"column":40},"end":{"line":40,"column":74}},"line":40},"5":{"name":"(anonymous_5)","decl":{"start":{"line":41,"column":19},"end":{"line":41,"column":20}},"loc":{"start":{"line":41,"column":33},"end":{"line":41,"column":50}},"line":41},"6":{"name":"(anonymous_6)","decl":{"start":{"line":42,"column":31},"end":{"line":42,"column":32}},"loc":{"start":{"line":43,"column":8},"end":{"line":46,"column":11}},"line":43},"7":{"name":"(anonymous_7)","decl":{"start":{"line":43,"column":12},"end":{"line":43,"column":13}},"loc":{"start":{"line":43,"column":24},"end":{"line":46,"column":9}},"line":43},"8":{"name":"(anonymous_8)","decl":{"start":{"line":50,"column":18},"end":{"line":50,"column":19}},"loc":{"start":{"line":50,"column":30},"end":{"line":55,"column":7}},"line":50},"9":{"name":"(anonymous_9)","decl":{"start":{"line":56,"column":33},"end":{"line":56,"column":34}},"loc":{"start":{"line":56,"column":39},"end":{"line":56,"column":51}},"line":56}},"branchMap":{"0":{"loc":{"start":{"line":11,"column":2},"end":{"line":11,"column":71}},"type":"cond-expr","locations":[{"start":{"line":11,"column":60},"end":{"line":11,"column":64}},{"start":{"line":11,"column":67},"end":{"line":11,"column":71}}],"line":11},"1":{"loc":{"start":{"line":44,"column":22},"end":{"line":44,"column":52}},"type":"binary-expr","locations":[{"start":{"line":44,"column":22},"end":{"line":44,"column":32}},{"start":{"line":44,"column":36},"end":{"line":44,"column":52}}],"line":44},"2":{"loc":{"start":{"line":45,"column":20},"end":{"line":45,"column":46}},"type":"binary-expr","locations":[{"start":{"line":45,"column":20},"end":{"line":45,"column":28}},{"start":{"line":45,"column":32},"end":{"line":45,"column":46}}],"line":45}},"s":{"0":2,"1":2,"2":2,"3":2,"4":1,"5":1,"6":0,"7":1,"8":0,"9":0,"10":58,"11":2},"f":{"0":2,"1":2,"2":1,"3":1,"4":0,"5":1,"6":0,"7":0,"8":58,"9":2},"b":{"0":[2,0],"1":[0,0],"2":[0,0]},"_coverageSchema":"1a1c01bbd47fc00a2c39e90264f33305004495a9","hash":"623aab4195ea4de639e7e136908902758c10fa24"}
,"/home/wws/wsTrack/mobile/src/store/workoutStore.ts": {"path":"/home/wws/wsTrack/mobile/src/store/workoutStore.ts","statementMap":{"0":{"start":{"line":27,"column":35},"end":{"line":27,"column":51}},"1":{"start":{"line":28,"column":30},"end":{"line":28,"column":33}},"2":{"start":{"line":29,"column":33},"end":{"line":29,"column":37}},"3":{"start":{"line":31,"column":58},"end":{"line":31,"column":62}},"4":{"start":{"line":32,"column":55},"end":{"line":32,"column":59}},"5":{"start":{"line":127,"column":30},"end":{"line":128,"column":68}},"6":{"start":{"line":128,"column":2},"end":{"line":128,"column":68}},"7":{"start":{"line":130,"column":32},"end":{"line":139,"column":3}},"8":{"start":{"line":131,"column":2},"end":{"line":139,"column":3}},"9":{"start":{"line":133,"column":6},"end":{"line":135,"column":7}},"10":{"start":{"line":134,"column":8},"end":{"line":134,"column":21}},"11":{"start":{"line":137,"column":6},"end":{"line":137,"column":57}},"12":{"start":{"line":141,"column":31},"end":{"line":153,"column":2}},"13":{"start":{"line":144,"column":6},"end":{"line":153,"column":1}},"14":{"start":{"line":147,"column":6},"end":{"line":147,"column":84}},"15":{"start":{"line":147,"column":44},"end":{"line":147,"column":76}},"16":{"start":{"line":151,"column":42},"end":{"line":151,"column":65}},"17":{"start":{"line":155,"column":27},"end":{"line":167,"column":4}},"18":{"start":{"line":156,"column":2},"end":{"line":167,"column":4}},"19":{"start":{"line":157,"column":17},"end":{"line":160,"column":7}},"20":{"start":{"line":157,"column":52},"end":{"line":160,"column":5}},"21":{"start":{"line":162,"column":4},"end":{"line":166,"column":6}},"22":{"start":{"line":169,"column":27},"end":{"line":201,"column":1}},"23":{"start":{"line":175,"column":20},"end":{"line":186,"column":5}},"24":{"start":{"line":175,"column":58},"end":{"line":186,"column":3}},"25":{"start":{"line":179,"column":38},"end":{"line":183,"column":5}},"26":{"start":{"line":187,"column":17},"end":{"line":187,"column":50}},"27":{"start":{"line":189,"column":2},"end":{"line":200,"column":4}},"28":{"start":{"line":203,"column":25},"end":{"line":224,"column":1}},"29":{"start":{"line":209,"column":2},"end":{"line":211,"column":3}},"30":{"start":{"line":210,"column":4},"end":{"line":210,"column":16}},"31":{"start":{"line":213,"column":42},"end":{"line":221,"column":3}},"32":{"start":{"line":223,"column":2},"end":{"line":223,"column":33}},"33":{"start":{"line":226,"column":33},"end":{"line":245,"column":1}},"34":{"start":{"line":232,"column":20},"end":{"line":232,"column":61}},"35":{"start":{"line":233,"column":39},"end":{"line":237,"column":3}},"36":{"start":{"line":239,"column":2},"end":{"line":244,"column":4}},"37":{"start":{"line":247,"column":28},"end":{"line":261,"column":1}},"38":{"start":{"line":253,"column":21},"end":{"line":253,"column":44}},"39":{"start":{"line":255,"column":2},"end":{"line":258,"column":3}},"40":{"start":{"line":256,"column":4},"end":{"line":256,"column":62}},"41":{"start":{"line":257,"column":4},"end":{"line":257,"column":11}},"42":{"start":{"line":260,"column":2},"end":{"line":260,"column":69}},"43":{"start":{"line":263,"column":26},"end":{"line":268,"column":1}},"44":{"start":{"line":264,"column":2},"end":{"line":267,"column":3}},"45":{"start":{"line":265,"column":4},"end":{"line":265,"column":32}},"46":{"start":{"line":266,"column":4},"end":{"line":266,"column":24}},"47":{"start":{"line":270,"column":23},"end":{"line":275,"column":1}},"48":{"start":{"line":271,"column":2},"end":{"line":274,"column":3}},"49":{"start":{"line":272,"column":4},"end":{"line":272,"column":29}},"50":{"start":{"line":273,"column":4},"end":{"line":273,"column":21}},"51":{"start":{"line":277,"column":26},"end":{"line":305,"column":1}},"52":{"start":{"line":287,"column":2},"end":{"line":287,"column":22}},"53":{"start":{"line":289,"column":2},"end":{"line":304,"column":31}},"54":{"start":{"line":290,"column":26},"end":{"line":290,"column":45}},"55":{"start":{"line":291,"column":4},"end":{"line":294,"column":5}},"56":{"start":{"line":292,"column":6},"end":{"line":292,"column":26}},"57":{"start":{"line":293,"column":6},"end":{"line":293,"column":13}},"58":{"start":{"line":296,"column":4},"end":{"line":303,"column":8}},"59":{"start":{"line":296,"column":20},"end":{"line":303,"column":5}},"60":{"start":{"line":307,"column":26},"end":{"line":365,"column":1}},"61":{"start":{"line":318,"column":16},"end":{"line":318,"column":21}},"62":{"start":{"line":319,"column":24},"end":{"line":319,"column":43}},"63":{"start":{"line":320,"column":25},"end":{"line":320,"column":45}},"64":{"start":{"line":321,"column":29},"end":{"line":321,"column":53}},"65":{"start":{"line":323,"column":2},"end":{"line":323,"column":19}},"66":{"start":{"line":325,"column":2},"end":{"line":333,"column":3}},"67":{"start":{"line":326,"column":4},"end":{"line":330,"column":7}},"68":{"start":{"line":331,"column":4},"end":{"line":331,"column":37}},"69":{"start":{"line":332,"column":4},"end":{"line":332,"column":11}},"70":{"start":{"line":335,"column":41},"end":{"line":335,"column":45}},"71":{"start":{"line":336,"column":2},"end":{"line":344,"column":3}},"72":{"start":{"line":337,"column":4},"end":{"line":340,"column":6}},"73":{"start":{"line":341,"column":4},"end":{"line":343,"column":7}},"74":{"start":{"line":346,"column":2},"end":{"line":358,"column":6}},"75":{"start":{"line":346,"column":20},"end":{"line":358,"column":3}},"76":{"start":{"line":360,"column":2},"end":{"line":360,"column":35}},"77":{"start":{"line":362,"column":2},"end":{"line":364,"column":3}},"78":{"start":{"line":363,"column":4},"end":{"line":363,"column":41}},"79":{"start":{"line":367,"column":27},"end":{"line":404,"column":1}},"80":{"start":{"line":377,"column":2},"end":{"line":377,"column":19}},"81":{"start":{"line":379,"column":2},"end":{"line":403,"column":28}},"82":{"start":{"line":380,"column":18},"end":{"line":380,"column":23}},"83":{"start":{"line":381,"column":26},"end":{"line":381,"column":45}},"84":{"start":{"line":382,"column":22},"end":{"line":382,"column":46}},"85":{"start":{"line":383,"column":4},"end":{"line":386,"column":5}},"86":{"start":{"line":384,"column":6},"end":{"line":384,"column":23}},"87":{"start":{"line":385,"column":6},"end":{"line":385,"column":13}},"88":{"start":{"line":388,"column":27},"end":{"line":388,"column":70}},"89":{"start":{"line":389,"column":22},"end":{"line":389,"column":83}},"90":{"start":{"line":391,"column":4},"end":{"line":398,"column":8}},"91":{"start":{"line":391,"column":22},"end":{"line":398,"column":5}},"92":{"start":{"line":400,"column":4},"end":{"line":402,"column":5}},"93":{"start":{"line":401,"column":6},"end":{"line":401,"column":45}},"94":{"start":{"line":406,"column":30},"end":{"line":416,"column":3}},"95":{"start":{"line":411,"column":2},"end":{"line":416,"column":3}},"96":{"start":{"line":412,"column":33},"end":{"line":415,"column":5}},"97":{"start":{"line":414,"column":40},"end":{"line":414,"column":89}},"98":{"start":{"line":418,"column":28},"end":{"line":432,"column":3}},"99":{"start":{"line":423,"column":2},"end":{"line":432,"column":3}},"100":{"start":{"line":425,"column":6},"end":{"line":430,"column":18}},"101":{"start":{"line":434,"column":16},"end":{"line":459,"column":1}},"102":{"start":{"line":442,"column":2},"end":{"line":456,"column":3}},"103":{"start":{"line":443,"column":21},"end":{"line":443,"column":81}},"104":{"start":{"line":443,"column":54},"end":{"line":443,"column":80}},"105":{"start":{"line":444,"column":4},"end":{"line":455,"column":5}},"106":{"start":{"line":445,"column":18},"end":{"line":445,"column":41}},"107":{"start":{"line":446,"column":6},"end":{"line":448,"column":7}},"108":{"start":{"line":447,"column":8},"end":{"line":447,"column":20}},"109":{"start":{"line":450,"column":6},"end":{"line":454,"column":8}},"110":{"start":{"line":458,"column":2},"end":{"line":458,"column":14}},"111":{"start":{"line":461,"column":25},"end":{"line":480,"column":1}},"112":{"start":{"line":469,"column":18},"end":{"line":469,"column":57}},"113":{"start":{"line":470,"column":23},"end":{"line":470,"column":61}},"114":{"start":{"line":472,"column":2},"end":{"line":479,"column":4}},"115":{"start":{"line":482,"column":31},"end":{"line":1082,"column":3}},"116":{"start":{"line":482,"column":72},"end":{"line":1082,"column":1}},"117":{"start":{"line":493,"column":4},"end":{"line":536,"column":5}},"118":{"start":{"line":494,"column":18},"end":{"line":494,"column":72}},"119":{"start":{"line":495,"column":6},"end":{"line":498,"column":7}},"120":{"start":{"line":496,"column":8},"end":{"line":496,"column":35}},"121":{"start":{"line":497,"column":8},"end":{"line":497,"column":15}},"122":{"start":{"line":500,"column":22},"end":{"line":500,"column":63}},"123":{"start":{"line":501,"column":23},"end":{"line":501,"column":56}},"124":{"start":{"line":503,"column":6},"end":{"line":506,"column":9}},"125":{"start":{"line":508,"column":28},"end":{"line":508,"column":50}},"126":{"start":{"line":509,"column":6},"end":{"line":524,"column":7}},"127":{"start":{"line":510,"column":8},"end":{"line":510,"column":36}},"128":{"start":{"line":512,"column":8},"end":{"line":523,"column":9}},"129":{"start":{"line":517,"column":26},"end":{"line":517,"column":87}},"130":{"start":{"line":518,"column":10},"end":{"line":522,"column":11}},"131":{"start":{"line":519,"column":12},"end":{"line":519,"column":53}},"132":{"start":{"line":521,"column":12},"end":{"line":521,"column":41}},"133":{"start":{"line":526,"column":6},"end":{"line":526,"column":64}},"134":{"start":{"line":527,"column":6},"end":{"line":535,"column":9}},"135":{"start":{"line":540,"column":4},"end":{"line":540,"column":24}},"136":{"start":{"line":541,"column":4},"end":{"line":541,"column":21}},"137":{"start":{"line":542,"column":4},"end":{"line":549,"column":7}},"138":{"start":{"line":550,"column":4},"end":{"line":550,"column":62}},"139":{"start":{"line":554,"column":4},"end":{"line":554,"column":40}},"140":{"start":{"line":558,"column":4},"end":{"line":558,"column":33}},"141":{"start":{"line":562,"column":20},"end":{"line":562,"column":39}},"142":{"start":{"line":563,"column":4},"end":{"line":565,"column":5}},"143":{"start":{"line":564,"column":6},"end":{"line":564,"column":31}},"144":{"start":{"line":567,"column":23},"end":{"line":567,"column":61}},"145":{"start":{"line":568,"column":22},"end":{"line":568,"column":32}},"146":{"start":{"line":569,"column":21},"end":{"line":574,"column":9}},"147":{"start":{"line":575,"column":21},"end":{"line":579,"column":6}},"148":{"start":{"line":580,"column":26},"end":{"line":580,"column":54}},"149":{"start":{"line":582,"column":4},"end":{"line":590,"column":7}},"150":{"start":{"line":591,"column":4},"end":{"line":591,"column":32}},"151":{"start":{"line":592,"column":4},"end":{"line":592,"column":37}},"152":{"start":{"line":594,"column":4},"end":{"line":594,"column":35}},"153":{"start":{"line":598,"column":20},"end":{"line":598,"column":39}},"154":{"start":{"line":599,"column":4},"end":{"line":601,"column":5}},"155":{"start":{"line":600,"column":6},"end":{"line":600,"column":31}},"156":{"start":{"line":603,"column":22},"end":{"line":603,"column":32}},"157":{"start":{"line":604,"column":21},"end":{"line":607,"column":5}},"158":{"start":{"line":608,"column":21},"end":{"line":612,"column":6}},"159":{"start":{"line":613,"column":26},"end":{"line":613,"column":54}},"160":{"start":{"line":615,"column":4},"end":{"line":623,"column":7}},"161":{"start":{"line":624,"column":4},"end":{"line":624,"column":32}},"162":{"start":{"line":625,"column":4},"end":{"line":625,"column":37}},"163":{"start":{"line":627,"column":4},"end":{"line":627,"column":35}},"164":{"start":{"line":631,"column":26},"end":{"line":631,"column":45}},"165":{"start":{"line":632,"column":4},"end":{"line":634,"column":5}},"166":{"start":{"line":633,"column":6},"end":{"line":633,"column":13}},"167":{"start":{"line":636,"column":21},"end":{"line":640,"column":6}},"168":{"start":{"line":641,"column":22},"end":{"line":651,"column":6}},"169":{"start":{"line":652,"column":19},"end":{"line":652,"column":52}},"170":{"start":{"line":654,"column":4},"end":{"line":663,"column":8}},"171":{"start":{"line":654,"column":20},"end":{"line":663,"column":5}},"172":{"start":{"line":664,"column":4},"end":{"line":664,"column":60}},"173":{"start":{"line":665,"column":4},"end":{"line":665,"column":37}},"174":{"start":{"line":669,"column":26},"end":{"line":669,"column":45}},"175":{"start":{"line":670,"column":4},"end":{"line":672,"column":5}},"176":{"start":{"line":671,"column":6},"end":{"line":671,"column":13}},"177":{"start":{"line":674,"column":4},"end":{"line":674,"column":57}},"178":{"start":{"line":676,"column":22},"end":{"line":680,"column":5}},"179":{"start":{"line":678,"column":22},"end":{"line":678,"column":70}},"180":{"start":{"line":681,"column":19},"end":{"line":681,"column":52}},"181":{"start":{"line":683,"column":4},"end":{"line":692,"column":8}},"182":{"start":{"line":683,"column":20},"end":{"line":692,"column":5}},"183":{"start":{"line":693,"column":4},"end":{"line":693,"column":60}},"184":{"start":{"line":694,"column":4},"end":{"line":694,"column":37}},"185":{"start":{"line":698,"column":26},"end":{"line":698,"column":45}},"186":{"start":{"line":699,"column":4},"end":{"line":701,"column":5}},"187":{"start":{"line":700,"column":6},"end":{"line":700,"column":13}},"188":{"start":{"line":703,"column":22},"end":{"line":707,"column":74}},"189":{"start":{"line":705,"column":8},"end":{"line":705,"column":93}},"190":{"start":{"line":705,"column":51},"end":{"line":705,"column":84}},"191":{"start":{"line":707,"column":56},"end":{"line":707,"column":73}},"192":{"start":{"line":709,"column":4},"end":{"line":716,"column":8}},"193":{"start":{"line":709,"column":20},"end":{"line":716,"column":5}},"194":{"start":{"line":718,"column":4},"end":{"line":718,"column":71}},"195":{"start":{"line":719,"column":4},"end":{"line":719,"column":37}},"196":{"start":{"line":723,"column":26},"end":{"line":723,"column":45}},"197":{"start":{"line":724,"column":4},"end":{"line":726,"column":5}},"198":{"start":{"line":725,"column":6},"end":{"line":725,"column":13}},"199":{"start":{"line":728,"column":22},"end":{"line":731,"column":7}},"200":{"start":{"line":728,"column":86},"end":{"line":731,"column":5}},"201":{"start":{"line":732,"column":19},"end":{"line":732,"column":52}},"202":{"start":{"line":734,"column":4},"end":{"line":743,"column":8}},"203":{"start":{"line":734,"column":20},"end":{"line":743,"column":5}},"204":{"start":{"line":745,"column":4},"end":{"line":750,"column":7}},"205":{"start":{"line":751,"column":4},"end":{"line":751,"column":60}},"206":{"start":{"line":752,"column":4},"end":{"line":752,"column":37}},"207":{"start":{"line":756,"column":28},"end":{"line":756,"column":47}},"208":{"start":{"line":757,"column":4},"end":{"line":759,"column":5}},"209":{"start":{"line":758,"column":6},"end":{"line":758,"column":47}},"210":{"start":{"line":761,"column":26},"end":{"line":761,"column":45}},"211":{"start":{"line":762,"column":4},"end":{"line":764,"column":5}},"212":{"start":{"line":763,"column":6},"end":{"line":763,"column":13}},"213":{"start":{"line":766,"column":21},"end":{"line":766,"column":60}},"214":{"start":{"line":767,"column":4},"end":{"line":769,"column":5}},"215":{"start":{"line":768,"column":6},"end":{"line":768,"column":13}},"216":{"start":{"line":771,"column":24},"end":{"line":771,"column":34}},"217":{"start":{"line":772,"column":4},"end":{"line":775,"column":7}},"218":{"start":{"line":777,"column":19},"end":{"line":784,"column":6}},"219":{"start":{"line":785,"column":20},"end":{"line":789,"column":7}},"220":{"start":{"line":785,"column":84},"end":{"line":789,"column":5}},"221":{"start":{"line":791,"column":28},"end":{"line":793,"column":5}},"222":{"start":{"line":792,"column":20},"end":{"line":792,"column":86}},"223":{"start":{"line":794,"column":22},"end":{"line":794,"column":77}},"224":{"start":{"line":796,"column":4},"end":{"line":813,"column":5}},"225":{"start":{"line":797,"column":19},"end":{"line":797,"column":52}},"226":{"start":{"line":798,"column":23},"end":{"line":806,"column":8}},"227":{"start":{"line":808,"column":6},"end":{"line":812,"column":8}},"228":{"start":{"line":815,"column":19},"end":{"line":815,"column":52}},"229":{"start":{"line":817,"column":4},"end":{"line":838,"column":8}},"230":{"start":{"line":817,"column":20},"end":{"line":838,"column":5}},"231":{"start":{"line":840,"column":4},"end":{"line":840,"column":60}},"232":{"start":{"line":841,"column":4},"end":{"line":843,"column":6}},"233":{"start":{"line":844,"column":4},"end":{"line":844,"column":37}},"234":{"start":{"line":848,"column":26},"end":{"line":848,"column":45}},"235":{"start":{"line":849,"column":4},"end":{"line":851,"column":5}},"236":{"start":{"line":850,"column":6},"end":{"line":850,"column":13}},"237":{"start":{"line":853,"column":21},"end":{"line":855,"column":5}},"238":{"start":{"line":854,"column":16},"end":{"line":854,"column":60}},"239":{"start":{"line":856,"column":4},"end":{"line":858,"column":5}},"240":{"start":{"line":857,"column":6},"end":{"line":857,"column":13}},"241":{"start":{"line":860,"column":17},"end":{"line":860,"column":43}},"242":{"start":{"line":861,"column":21},"end":{"line":869,"column":6}},"243":{"start":{"line":871,"column":22},"end":{"line":871,"column":95}},"244":{"start":{"line":872,"column":19},"end":{"line":872,"column":52}},"245":{"start":{"line":874,"column":4},"end":{"line":883,"column":8}},"246":{"start":{"line":874,"column":20},"end":{"line":883,"column":5}},"247":{"start":{"line":884,"column":4},"end":{"line":884,"column":60}},"248":{"start":{"line":885,"column":4},"end":{"line":885,"column":37}},"249":{"start":{"line":889,"column":26},"end":{"line":889,"column":45}},"250":{"start":{"line":890,"column":4},"end":{"line":892,"column":5}},"251":{"start":{"line":891,"column":6},"end":{"line":891,"column":13}},"252":{"start":{"line":894,"column":4},"end":{"line":894,"column":40}},"253":{"start":{"line":896,"column":22},"end":{"line":901,"column":5}},"254":{"start":{"line":897,"column":49},"end":{"line":900,"column":7}},"255":{"start":{"line":899,"column":44},"end":{"line":899,"column":70}},"256":{"start":{"line":902,"column":19},"end":{"line":902,"column":52}},"257":{"start":{"line":904,"column":4},"end":{"line":913,"column":8}},"258":{"start":{"line":904,"column":20},"end":{"line":913,"column":5}},"259":{"start":{"line":914,"column":4},"end":{"line":914,"column":60}},"260":{"start":{"line":915,"column":4},"end":{"line":915,"column":37}},"261":{"start":{"line":919,"column":26},"end":{"line":919,"column":45}},"262":{"start":{"line":920,"column":27},"end":{"line":920,"column":75}},"263":{"start":{"line":922,"column":4},"end":{"line":924,"column":5}},"264":{"start":{"line":923,"column":6},"end":{"line":923,"column":13}},"265":{"start":{"line":926,"column":4},"end":{"line":926,"column":21}},"266":{"start":{"line":928,"column":25},"end":{"line":928,"column":58}},"267":{"start":{"line":929,"column":22},"end":{"line":929,"column":32}},"268":{"start":{"line":931,"column":4},"end":{"line":942,"column":8}},"269":{"start":{"line":931,"column":20},"end":{"line":942,"column":5}},"270":{"start":{"line":944,"column":4},"end":{"line":947,"column":5}},"271":{"start":{"line":945,"column":6},"end":{"line":945,"column":46}},"272":{"start":{"line":946,"column":6},"end":{"line":946,"column":13}},"273":{"start":{"line":949,"column":4},"end":{"line":949,"column":37}},"274":{"start":{"line":950,"column":4},"end":{"line":950,"column":33}},"275":{"start":{"line":954,"column":26},"end":{"line":954,"column":45}},"276":{"start":{"line":955,"column":4},"end":{"line":957,"column":5}},"277":{"start":{"line":956,"column":6},"end":{"line":956,"column":13}},"278":{"start":{"line":959,"column":25},"end":{"line":959,"column":84}},"279":{"start":{"line":960,"column":22},"end":{"line":960,"column":60}},"280":{"start":{"line":961,"column":20},"end":{"line":961,"column":63}},"281":{"start":{"line":962,"column":22},"end":{"line":962,"column":57}},"282":{"start":{"line":964,"column":4},"end":{"line":972,"column":8}},"283":{"start":{"line":964,"column":20},"end":{"line":972,"column":5}},"284":{"start":{"line":973,"column":4},"end":{"line":973,"column":37}},"285":{"start":{"line":975,"column":4},"end":{"line":977,"column":5}},"286":{"start":{"line":976,"column":6},"end":{"line":976,"column":46}},"287":{"start":{"line":981,"column":4},"end":{"line":981,"column":45}},"288":{"start":{"line":985,"column":26},"end":{"line":985,"column":45}},"289":{"start":{"line":986,"column":4},"end":{"line":988,"column":5}},"290":{"start":{"line":987,"column":6},"end":{"line":987,"column":18}},"291":{"start":{"line":990,"column":4},"end":{"line":992,"column":5}},"292":{"start":{"line":991,"column":6},"end":{"line":991,"column":47}},"293":{"start":{"line":994,"column":26},"end":{"line":994,"column":45}},"294":{"start":{"line":995,"column":4},"end":{"line":997,"column":5}},"295":{"start":{"line":996,"column":6},"end":{"line":996,"column":18}},"296":{"start":{"line":999,"column":31},"end":{"line":999,"column":74}},"297":{"start":{"line":1000,"column":28},"end":{"line":1000,"column":70}},"298":{"start":{"line":1002,"column":23},"end":{"line":1002,"column":33}},"299":{"start":{"line":1003,"column":4},"end":{"line":1014,"column":7}},"300":{"start":{"line":1004,"column":61},"end":{"line":1011,"column":7}},"301":{"start":{"line":1016,"column":4},"end":{"line":1031,"column":5}},"302":{"start":{"line":1017,"column":6},"end":{"line":1030,"column":7}},"303":{"start":{"line":1018,"column":8},"end":{"line":1027,"column":11}},"304":{"start":{"line":1033,"column":47},"end":{"line":1033,"column":49}},"305":{"start":{"line":1034,"column":4},"end":{"line":1038,"column":5}},"306":{"start":{"line":1035,"column":6},"end":{"line":1035,"column":51}},"307":{"start":{"line":1037,"column":6},"end":{"line":1037,"column":31}},"308":{"start":{"line":1040,"column":4},"end":{"line":1040,"column":24}},"309":{"start":{"line":1041,"column":4},"end":{"line":1041,"column":21}},"310":{"start":{"line":1042,"column":4},"end":{"line":1055,"column":7}},"311":{"start":{"line":1056,"column":4},"end":{"line":1056,"column":62}},"312":{"start":{"line":1057,"column":4},"end":{"line":1061,"column":5}},"313":{"start":{"line":1058,"column":6},"end":{"line":1058,"column":26}},"314":{"start":{"line":1063,"column":4},"end":{"line":1063,"column":35}},"315":{"start":{"line":1067,"column":4},"end":{"line":1070,"column":7}},"316":{"start":{"line":1072,"column":4},"end":{"line":1076,"column":5}},"317":{"start":{"line":1073,"column":6},"end":{"line":1073,"column":26}},"318":{"start":{"line":1080,"column":4},"end":{"line":1080,"column":41}}},"fnMap":{"0":{"name":"(anonymous_0)","decl":{"start":{"line":127,"column":30},"end":{"line":127,"column":31}},"loc":{"start":{"line":128,"column":2},"end":{"line":128,"column":68}},"line":128},"1":{"name":"(anonymous_1)","decl":{"start":{"line":130,"column":32},"end":{"line":130,"column":33}},"loc":{"start":{"line":131,"column":2},"end":{"line":139,"column":3}},"line":131},"2":{"name":"(anonymous_2)","decl":{"start":{"line":132,"column":16},"end":{"line":132,"column":17}},"loc":{"start":{"line":132,"column":32},"end":{"line":138,"column":5}},"line":132},"3":{"name":"(anonymous_3)","decl":{"start":{"line":141,"column":31},"end":{"line":141,"column":32}},"loc":{"start":{"line":144,"column":6},"end":{"line":153,"column":1}},"line":144},"4":{"name":"(anonymous_4)","decl":{"start":{"line":146,"column":4},"end":{"line":146,"column":5}},"loc":{"start":{"line":147,"column":6},"end":{"line":147,"column":84}},"line":147},"5":{"name":"(anonymous_5)","decl":{"start":{"line":147,"column":35},"end":{"line":147,"column":36}},"loc":{"start":{"line":147,"column":44},"end":{"line":147,"column":76}},"line":147},"6":{"name":"(anonymous_6)","decl":{"start":{"line":151,"column":21},"end":{"line":151,"column":22}},"loc":{"start":{"line":151,"column":42},"end":{"line":151,"column":65}},"line":151},"7":{"name":"(anonymous_7)","decl":{"start":{"line":155,"column":27},"end":{"line":155,"column":28}},"loc":{"start":{"line":156,"column":2},"end":{"line":167,"column":4}},"line":156},"8":{"name":"(anonymous_8)","decl":{"start":{"line":156,"column":16},"end":{"line":156,"column":17}},"loc":{"start":{"line":156,"column":30},"end":{"line":167,"column":3}},"line":156},"9":{"name":"(anonymous_9)","decl":{"start":{"line":157,"column":35},"end":{"line":157,"column":36}},"loc":{"start":{"line":157,"column":52},"end":{"line":160,"column":5}},"line":157},"10":{"name":"(anonymous_10)","decl":{"start":{"line":169,"column":27},"end":{"line":169,"column":28}},"loc":{"start":{"line":174,"column":21},"end":{"line":201,"column":1}},"line":174},"11":{"name":"(anonymous_11)","decl":{"start":{"line":175,"column":43},"end":{"line":175,"column":44}},"loc":{"start":{"line":175,"column":58},"end":{"line":186,"column":3}},"line":175},"12":{"name":"(anonymous_12)","decl":{"start":{"line":179,"column":28},"end":{"line":179,"column":29}},"loc":{"start":{"line":179,"column":38},"end":{"line":183,"column":5}},"line":179},"13":{"name":"(anonymous_13)","decl":{"start":{"line":203,"column":25},"end":{"line":203,"column":26}},"loc":{"start":{"line":208,"column":20},"end":{"line":224,"column":1}},"line":208},"14":{"name":"(anonymous_14)","decl":{"start":{"line":226,"column":33},"end":{"line":226,"column":34}},"loc":{"start":{"line":231,"column":5},"end":{"line":245,"column":1}},"line":231},"15":{"name":"(anonymous_15)","decl":{"start":{"line":247,"column":28},"end":{"line":247,"column":29}},"loc":{"start":{"line":252,"column":20},"end":{"line":261,"column":1}},"line":252},"16":{"name":"(anonymous_16)","decl":{"start":{"line":263,"column":26},"end":{"line":263,"column":27}},"loc":{"start":{"line":263,"column":38},"end":{"line":268,"column":1}},"line":263},"17":{"name":"(anonymous_17)","decl":{"start":{"line":270,"column":23},"end":{"line":270,"column":24}},"loc":{"start":{"line":270,"column":35},"end":{"line":275,"column":1}},"line":270},"18":{"name":"(anonymous_18)","decl":{"start":{"line":277,"column":26},"end":{"line":277,"column":27}},"loc":{"start":{"line":286,"column":11},"end":{"line":305,"column":1}},"line":286},"19":{"name":"(anonymous_19)","decl":{"start":{"line":289,"column":29},"end":{"line":289,"column":30}},"loc":{"start":{"line":289,"column":35},"end":{"line":304,"column":3}},"line":289},"20":{"name":"(anonymous_20)","decl":{"start":{"line":296,"column":8},"end":{"line":296,"column":9}},"loc":{"start":{"line":296,"column":20},"end":{"line":303,"column":5}},"line":296},"21":{"name":"(anonymous_21)","decl":{"start":{"line":307,"column":26},"end":{"line":307,"column":27}},"loc":{"start":{"line":317,"column":20},"end":{"line":365,"column":1}},"line":317},"22":{"name":"(anonymous_22)","decl":{"start":{"line":346,"column":6},"end":{"line":346,"column":7}},"loc":{"start":{"line":346,"column":20},"end":{"line":358,"column":3}},"line":346},"23":{"name":"(anonymous_23)","decl":{"start":{"line":367,"column":27},"end":{"line":367,"column":28}},"loc":{"start":{"line":376,"column":11},"end":{"line":404,"column":1}},"line":376},"24":{"name":"(anonymous_24)","decl":{"start":{"line":379,"column":26},"end":{"line":379,"column":27}},"loc":{"start":{"line":379,"column":32},"end":{"line":403,"column":3}},"line":379},"25":{"name":"(anonymous_25)","decl":{"start":{"line":391,"column":8},"end":{"line":391,"column":9}},"loc":{"start":{"line":391,"column":22},"end":{"line":398,"column":5}},"line":391},"26":{"name":"(anonymous_26)","decl":{"start":{"line":406,"column":30},"end":{"line":406,"column":31}},"loc":{"start":{"line":411,"column":2},"end":{"line":416,"column":3}},"line":411},"27":{"name":"(anonymous_27)","decl":{"start":{"line":412,"column":18},"end":{"line":412,"column":19}},"loc":{"start":{"line":412,"column":33},"end":{"line":415,"column":5}},"line":412},"28":{"name":"(anonymous_28)","decl":{"start":{"line":414,"column":30},"end":{"line":414,"column":31}},"loc":{"start":{"line":414,"column":40},"end":{"line":414,"column":89}},"line":414},"29":{"name":"(anonymous_29)","decl":{"start":{"line":418,"column":28},"end":{"line":418,"column":29}},"loc":{"start":{"line":423,"column":2},"end":{"line":432,"column":3}},"line":423},"30":{"name":"(anonymous_30)","decl":{"start":{"line":424,"column":18},"end":{"line":424,"column":19}},"loc":{"start":{"line":425,"column":6},"end":{"line":430,"column":18}},"line":425},"31":{"name":"(anonymous_31)","decl":{"start":{"line":434,"column":16},"end":{"line":434,"column":17}},"loc":{"start":{"line":441,"column":12},"end":{"line":459,"column":1}},"line":441},"32":{"name":"(anonymous_32)","decl":{"start":{"line":443,"column":45},"end":{"line":443,"column":46}},"loc":{"start":{"line":443,"column":54},"end":{"line":443,"column":80}},"line":443},"33":{"name":"(anonymous_33)","decl":{"start":{"line":461,"column":25},"end":{"line":461,"column":26}},"loc":{"start":{"line":468,"column":5},"end":{"line":480,"column":1}},"line":468},"34":{"name":"(anonymous_34)","decl":{"start":{"line":482,"column":57},"end":{"line":482,"column":58}},"loc":{"start":{"line":482,"column":72},"end":{"line":1082,"column":1}},"line":482},"35":{"name":"(anonymous_35)","decl":{"start":{"line":492,"column":24},"end":{"line":492,"column":25}},"loc":{"start":{"line":492,"column":36},"end":{"line":537,"column":3}},"line":492},"36":{"name":"(anonymous_36)","decl":{"start":{"line":539,"column":27},"end":{"line":539,"column":28}},"loc":{"start":{"line":539,"column":39},"end":{"line":551,"column":3}},"line":539},"37":{"name":"(anonymous_37)","decl":{"start":{"line":553,"column":29},"end":{"line":553,"column":30}},"loc":{"start":{"line":553,"column":35},"end":{"line":555,"column":3}},"line":553},"38":{"name":"(anonymous_38)","decl":{"start":{"line":557,"column":22},"end":{"line":557,"column":23}},"loc":{"start":{"line":557,"column":28},"end":{"line":559,"column":3}},"line":557},"39":{"name":"(anonymous_39)","decl":{"start":{"line":561,"column":16},"end":{"line":561,"column":17}},"loc":{"start":{"line":561,"column":37},"end":{"line":595,"column":3}},"line":561},"40":{"name":"(anonymous_40)","decl":{"start":{"line":597,"column":26},"end":{"line":597,"column":27}},"loc":{"start":{"line":597,"column":47},"end":{"line":628,"column":3}},"line":597},"41":{"name":"(anonymous_41)","decl":{"start":{"line":630,"column":15},"end":{"line":630,"column":16}},"loc":{"start":{"line":630,"column":37},"end":{"line":666,"column":3}},"line":630},"42":{"name":"(anonymous_42)","decl":{"start":{"line":654,"column":8},"end":{"line":654,"column":9}},"loc":{"start":{"line":654,"column":20},"end":{"line":663,"column":5}},"line":654},"43":{"name":"(anonymous_43)","decl":{"start":{"line":668,"column":18},"end":{"line":668,"column":19}},"loc":{"start":{"line":668,"column":47},"end":{"line":695,"column":3}},"line":668},"44":{"name":"(anonymous_44)","decl":{"start":{"line":678,"column":8},"end":{"line":678,"column":9}},"loc":{"start":{"line":678,"column":22},"end":{"line":678,"column":70}},"line":678},"45":{"name":"(anonymous_45)","decl":{"start":{"line":683,"column":8},"end":{"line":683,"column":9}},"loc":{"start":{"line":683,"column":20},"end":{"line":692,"column":5}},"line":683},"46":{"name":"(anonymous_46)","decl":{"start":{"line":697,"column":20},"end":{"line":697,"column":21}},"loc":{"start":{"line":697,"column":42},"end":{"line":720,"column":3}},"line":697},"47":{"name":"(anonymous_47)","decl":{"start":{"line":704,"column":11},"end":{"line":704,"column":12}},"loc":{"start":{"line":705,"column":8},"end":{"line":705,"column":93}},"line":705},"48":{"name":"(anonymous_48)","decl":{"start":{"line":705,"column":37},"end":{"line":705,"column":38}},"loc":{"start":{"line":705,"column":51},"end":{"line":705,"column":84}},"line":705},"49":{"name":"(anonymous_49)","decl":{"start":{"line":707,"column":14},"end":{"line":707,"column":15}},"loc":{"start":{"line":707,"column":56},"end":{"line":707,"column":73}},"line":707},"50":{"name":"(anonymous_50)","decl":{"start":{"line":709,"column":8},"end":{"line":709,"column":9}},"loc":{"start":{"line":709,"column":20},"end":{"line":716,"column":5}},"line":709},"51":{"name":"(anonymous_51)","decl":{"start":{"line":722,"column":13},"end":{"line":722,"column":14}},"loc":{"start":{"line":722,"column":39},"end":{"line":753,"column":3}},"line":722},"52":{"name":"(anonymous_52)","decl":{"start":{"line":728,"column":76},"end":{"line":728,"column":77}},"loc":{"start":{"line":728,"column":86},"end":{"line":731,"column":5}},"line":728},"53":{"name":"(anonymous_53)","decl":{"start":{"line":734,"column":8},"end":{"line":734,"column":9}},"loc":{"start":{"line":734,"column":20},"end":{"line":743,"column":5}},"line":734},"54":{"name":"(anonymous_54)","decl":{"start":{"line":755,"column":15},"end":{"line":755,"column":16}},"loc":{"start":{"line":755,"column":32},"end":{"line":845,"column":3}},"line":755},"55":{"name":"(anonymous_55)","decl":{"start":{"line":785,"column":74},"end":{"line":785,"column":75}},"loc":{"start":{"line":785,"column":84},"end":{"line":789,"column":5}},"line":785},"56":{"name":"(anonymous_56)","decl":{"start":{"line":792,"column":6},"end":{"line":792,"column":7}},"loc":{"start":{"line":792,"column":20},"end":{"line":792,"column":86}},"line":792},"57":{"name":"(anonymous_57)","decl":{"start":{"line":817,"column":8},"end":{"line":817,"column":9}},"loc":{"start":{"line":817,"column":20},"end":{"line":838,"column":5}},"line":817},"58":{"name":"(anonymous_58)","decl":{"start":{"line":847,"column":10},"end":{"line":847,"column":11}},"loc":{"start":{"line":847,"column":39},"end":{"line":886,"column":3}},"line":847},"59":{"name":"(anonymous_59)","decl":{"start":{"line":854,"column":6},"end":{"line":854,"column":7}},"loc":{"start":{"line":854,"column":16},"end":{"line":854,"column":60}},"line":854},"60":{"name":"(anonymous_60)","decl":{"start":{"line":874,"column":8},"end":{"line":874,"column":9}},"loc":{"start":{"line":874,"column":20},"end":{"line":883,"column":5}},"line":874},"61":{"name":"(anonymous_61)","decl":{"start":{"line":888,"column":13},"end":{"line":888,"column":14}},"loc":{"start":{"line":888,"column":30},"end":{"line":916,"column":3}},"line":888},"62":{"name":"(anonymous_62)","decl":{"start":{"line":897,"column":34},"end":{"line":897,"column":35}},"loc":{"start":{"line":897,"column":49},"end":{"line":900,"column":7}},"line":897},"63":{"name":"(anonymous_63)","decl":{"start":{"line":899,"column":35},"end":{"line":899,"column":36}},"loc":{"start":{"line":899,"column":44},"end":{"line":899,"column":70}},"line":899},"64":{"name":"(anonymous_64)","decl":{"start":{"line":904,"column":8},"end":{"line":904,"column":9}},"loc":{"start":{"line":904,"column":20},"end":{"line":913,"column":5}},"line":904},"65":{"name":"(anonymous_65)","decl":{"start":{"line":918,"column":18},"end":{"line":918,"column":19}},"loc":{"start":{"line":918,"column":38},"end":{"line":951,"column":3}},"line":918},"66":{"name":"(anonymous_66)","decl":{"start":{"line":931,"column":8},"end":{"line":931,"column":9}},"loc":{"start":{"line":931,"column":20},"end":{"line":942,"column":5}},"line":931},"67":{"name":"(anonymous_67)","decl":{"start":{"line":953,"column":19},"end":{"line":953,"column":20}},"loc":{"start":{"line":953,"column":43},"end":{"line":978,"column":3}},"line":953},"68":{"name":"(anonymous_68)","decl":{"start":{"line":964,"column":8},"end":{"line":964,"column":9}},"loc":{"start":{"line":964,"column":20},"end":{"line":972,"column":5}},"line":964},"69":{"name":"(anonymous_69)","decl":{"start":{"line":980,"column":17},"end":{"line":980,"column":18}},"loc":{"start":{"line":980,"column":29},"end":{"line":982,"column":3}},"line":980},"70":{"name":"(anonymous_70)","decl":{"start":{"line":984,"column":17},"end":{"line":984,"column":18}},"loc":{"start":{"line":984,"column":29},"end":{"line":1064,"column":3}},"line":984},"71":{"name":"(anonymous_71)","decl":{"start":{"line":1004,"column":46},"end":{"line":1004,"column":47}},"loc":{"start":{"line":1004,"column":61},"end":{"line":1011,"column":7}},"line":1004},"72":{"name":"(anonymous_72)","decl":{"start":{"line":1066,"column":22},"end":{"line":1066,"column":23}},"loc":{"start":{"line":1066,"column":62},"end":{"line":1077,"column":3}},"line":1066},"73":{"name":"(anonymous_73)","decl":{"start":{"line":1079,"column":23},"end":{"line":1079,"column":24}},"loc":{"start":{"line":1079,"column":29},"end":{"line":1081,"column":3}},"line":1079}},"branchMap":{"0":{"loc":{"start":{"line":133,"column":6},"end":{"line":135,"column":7}},"type":"if","locations":[{"start":{"line":133,"column":6},"end":{"line":135,"column":7}},{"start":{},"end":{}}],"line":133},"1":{"loc":{"start":{"line":133,"column":10},"end":{"line":133,"column":42}},"type":"binary-expr","locations":[{"start":{"line":133,"column":10},"end":{"line":133,"column":22}},{"start":{"line":133,"column":26},"end":{"line":133,"column":42}}],"line":133},"2":{"loc":{"start":{"line":137,"column":22},"end":{"line":137,"column":37}},"type":"binary-expr","locations":[{"start":{"line":137,"column":22},"end":{"line":137,"column":32}},{"start":{"line":137,"column":36},"end":{"line":137,"column":37}}],"line":137},"3":{"loc":{"start":{"line":137,"column":42},"end":{"line":137,"column":55}},"type":"binary-expr","locations":[{"start":{"line":137,"column":42},"end":{"line":137,"column":50}},{"start":{"line":137,"column":54},"end":{"line":137,"column":55}}],"line":137},"4":{"loc":{"start":{"line":147,"column":44},"end":{"line":147,"column":76}},"type":"binary-expr","locations":[{"start":{"line":147,"column":44},"end":{"line":147,"column":59}},{"start":{"line":147,"column":63},"end":{"line":147,"column":76}}],"line":147},"5":{"loc":{"start":{"line":209,"column":2},"end":{"line":211,"column":3}},"type":"if","locations":[{"start":{"line":209,"column":2},"end":{"line":211,"column":3}},{"start":{},"end":{}}],"line":209},"6":{"loc":{"start":{"line":255,"column":2},"end":{"line":258,"column":3}},"type":"if","locations":[{"start":{"line":255,"column":2},"end":{"line":258,"column":3}},{"start":{},"end":{}}],"line":255},"7":{"loc":{"start":{"line":264,"column":2},"end":{"line":267,"column":3}},"type":"if","locations":[{"start":{"line":264,"column":2},"end":{"line":267,"column":3}},{"start":{},"end":{}}],"line":264},"8":{"loc":{"start":{"line":271,"column":2},"end":{"line":274,"column":3}},"type":"if","locations":[{"start":{"line":271,"column":2},"end":{"line":274,"column":3}},{"start":{},"end":{}}],"line":271},"9":{"loc":{"start":{"line":291,"column":4},"end":{"line":294,"column":5}},"type":"if","locations":[{"start":{"line":291,"column":4},"end":{"line":294,"column":5}},{"start":{},"end":{}}],"line":291},"10":{"loc":{"start":{"line":297,"column":21},"end":{"line":302,"column":14}},"type":"cond-expr","locations":[{"start":{"line":298,"column":10},"end":{"line":301,"column":11}},{"start":{"line":302,"column":10},"end":{"line":302,"column":14}}],"line":297},"11":{"loc":{"start":{"line":325,"column":2},"end":{"line":333,"column":3}},"type":"if","locations":[{"start":{"line":325,"column":2},"end":{"line":333,"column":3}},{"start":{},"end":{}}],"line":325},"12":{"loc":{"start":{"line":336,"column":2},"end":{"line":344,"column":3}},"type":"if","locations":[{"start":{"line":336,"column":2},"end":{"line":344,"column":3}},{"start":{},"end":{}}],"line":336},"13":{"loc":{"start":{"line":336,"column":6},"end":{"line":336,"column":42}},"type":"binary-expr","locations":[{"start":{"line":336,"column":6},"end":{"line":336,"column":20}},{"start":{"line":336,"column":24},"end":{"line":336,"column":42}}],"line":336},"14":{"loc":{"start":{"line":347,"column":19},"end":{"line":354,"column":12}},"type":"cond-expr","locations":[{"start":{"line":348,"column":8},"end":{"line":353,"column":9}},{"start":{"line":354,"column":8},"end":{"line":354,"column":12}}],"line":347},"15":{"loc":{"start":{"line":362,"column":2},"end":{"line":364,"column":3}},"type":"if","locations":[{"start":{"line":362,"column":2},"end":{"line":364,"column":3}},{"start":{},"end":{}}],"line":362},"16":{"loc":{"start":{"line":362,"column":6},"end":{"line":362,"column":49}},"type":"binary-expr","locations":[{"start":{"line":362,"column":6},"end":{"line":362,"column":19}},{"start":{"line":362,"column":23},"end":{"line":362,"column":49}}],"line":362},"17":{"loc":{"start":{"line":383,"column":4},"end":{"line":386,"column":5}},"type":"if","locations":[{"start":{"line":383,"column":4},"end":{"line":386,"column":5}},{"start":{},"end":{}}],"line":383},"18":{"loc":{"start":{"line":383,"column":8},"end":{"line":383,"column":72}},"type":"binary-expr","locations":[{"start":{"line":383,"column":8},"end":{"line":383,"column":22}},{"start":{"line":383,"column":26},"end":{"line":383,"column":58}},{"start":{"line":383,"column":62},"end":{"line":383,"column":72}}],"line":383},"19":{"loc":{"start":{"line":392,"column":21},"end":{"line":397,"column":14}},"type":"cond-expr","locations":[{"start":{"line":393,"column":10},"end":{"line":396,"column":11}},{"start":{"line":397,"column":10},"end":{"line":397,"column":14}}],"line":392},"20":{"loc":{"start":{"line":400,"column":4},"end":{"line":402,"column":5}},"type":"if","locations":[{"start":{"line":400,"column":4},"end":{"line":402,"column":5}},{"start":{},"end":{}}],"line":400},"21":{"loc":{"start":{"line":414,"column":40},"end":{"line":414,"column":89}},"type":"cond-expr","locations":[{"start":{"line":414,"column":69},"end":{"line":414,"column":83}},{"start":{"line":414,"column":86},"end":{"line":414,"column":89}}],"line":414},"22":{"loc":{"start":{"line":425,"column":6},"end":{"line":430,"column":18}},"type":"cond-expr","locations":[{"start":{"line":426,"column":10},"end":{"line":429,"column":11}},{"start":{"line":430,"column":10},"end":{"line":430,"column":18}}],"line":425},"23":{"loc":{"start":{"line":444,"column":4},"end":{"line":455,"column":5}},"type":"if","locations":[{"start":{"line":444,"column":4},"end":{"line":455,"column":5}},{"start":{},"end":{}}],"line":444},"24":{"loc":{"start":{"line":446,"column":6},"end":{"line":448,"column":7}},"type":"if","locations":[{"start":{"line":446,"column":6},"end":{"line":448,"column":7}},{"start":{},"end":{}}],"line":446},"25":{"loc":{"start":{"line":473,"column":18},"end":{"line":473,"column":39}},"type":"binary-expr","locations":[{"start":{"line":473,"column":18},"end":{"line":473,"column":31}},{"start":{"line":473,"column":35},"end":{"line":473,"column":39}}],"line":473},"26":{"loc":{"start":{"line":474,"column":20},"end":{"line":474,"column":43}},"type":"binary-expr","locations":[{"start":{"line":474,"column":20},"end":{"line":474,"column":35}},{"start":{"line":474,"column":39},"end":{"line":474,"column":43}}],"line":474},"27":{"loc":{"start":{"line":475,"column":10},"end":{"line":475,"column":31}},"type":"binary-expr","locations":[{"start":{"line":475,"column":10},"end":{"line":475,"column":23}},{"start":{"line":475,"column":27},"end":{"line":475,"column":31}}],"line":475},"28":{"loc":{"start":{"line":477,"column":10},"end":{"line":477,"column":39}},"type":"binary-expr","locations":[{"start":{"line":477,"column":10},"end":{"line":477,"column":23}},{"start":{"line":477,"column":27},"end":{"line":477,"column":39}}],"line":477},"29":{"loc":{"start":{"line":478,"column":12},"end":{"line":478,"column":35}},"type":"binary-expr","locations":[{"start":{"line":478,"column":12},"end":{"line":478,"column":27}},{"start":{"line":478,"column":31},"end":{"line":478,"column":35}}],"line":478},"30":{"loc":{"start":{"line":495,"column":6},"end":{"line":498,"column":7}},"type":"if","locations":[{"start":{"line":495,"column":6},"end":{"line":498,"column":7}},{"start":{},"end":{}}],"line":495},"31":{"loc":{"start":{"line":509,"column":6},"end":{"line":524,"column":7}},"type":"if","locations":[{"start":{"line":509,"column":6},"end":{"line":524,"column":7}},{"start":{},"end":{}}],"line":509},"32":{"loc":{"start":{"line":512,"column":8},"end":{"line":523,"column":9}},"type":"if","locations":[{"start":{"line":512,"column":8},"end":{"line":523,"column":9}},{"start":{},"end":{}}],"line":512},"33":{"loc":{"start":{"line":513,"column":10},"end":{"line":515,"column":41}},"type":"binary-expr","locations":[{"start":{"line":513,"column":10},"end":{"line":513,"column":33}},{"start":{"line":514,"column":10},"end":{"line":514,"column":37}},{"start":{"line":515,"column":10},"end":{"line":515,"column":41}}],"line":513},"34":{"loc":{"start":{"line":518,"column":10},"end":{"line":522,"column":11}},"type":"if","locations":[{"start":{"line":518,"column":10},"end":{"line":522,"column":11}},{"start":{"line":520,"column":17},"end":{"line":522,"column":11}}],"line":518},"35":{"loc":{"start":{"line":563,"column":4},"end":{"line":565,"column":5}},"type":"if","locations":[{"start":{"line":563,"column":4},"end":{"line":565,"column":5}},{"start":{},"end":{}}],"line":563},"36":{"loc":{"start":{"line":569,"column":21},"end":{"line":574,"column":9}},"type":"cond-expr","locations":[{"start":{"line":570,"column":8},"end":{"line":570,"column":61}},{"start":{"line":571,"column":8},"end":{"line":574,"column":9}}],"line":569},"37":{"loc":{"start":{"line":599,"column":4},"end":{"line":601,"column":5}},"type":"if","locations":[{"start":{"line":599,"column":4},"end":{"line":601,"column":5}},{"start":{},"end":{}}],"line":599},"38":{"loc":{"start":{"line":632,"column":4},"end":{"line":634,"column":5}},"type":"if","locations":[{"start":{"line":632,"column":4},"end":{"line":634,"column":5}},{"start":{},"end":{}}],"line":632},"39":{"loc":{"start":{"line":655,"column":21},"end":{"line":662,"column":14}},"type":"cond-expr","locations":[{"start":{"line":656,"column":10},"end":{"line":661,"column":11}},{"start":{"line":662,"column":10},"end":{"line":662,"column":14}}],"line":655},"40":{"loc":{"start":{"line":670,"column":4},"end":{"line":672,"column":5}},"type":"if","locations":[{"start":{"line":670,"column":4},"end":{"line":672,"column":5}},{"start":{},"end":{}}],"line":670},"41":{"loc":{"start":{"line":684,"column":21},"end":{"line":691,"column":14}},"type":"cond-expr","locations":[{"start":{"line":685,"column":10},"end":{"line":690,"column":11}},{"start":{"line":691,"column":10},"end":{"line":691,"column":14}}],"line":684},"42":{"loc":{"start":{"line":699,"column":4},"end":{"line":701,"column":5}},"type":"if","locations":[{"start":{"line":699,"column":4},"end":{"line":701,"column":5}},{"start":{},"end":{}}],"line":699},"43":{"loc":{"start":{"line":705,"column":8},"end":{"line":705,"column":93}},"type":"binary-expr","locations":[{"start":{"line":705,"column":8},"end":{"line":705,"column":85}},{"start":{"line":705,"column":89},"end":{"line":705,"column":93}}],"line":705},"44":{"loc":{"start":{"line":710,"column":21},"end":{"line":715,"column":14}},"type":"cond-expr","locations":[{"start":{"line":711,"column":10},"end":{"line":714,"column":11}},{"start":{"line":715,"column":10},"end":{"line":715,"column":14}}],"line":710},"45":{"loc":{"start":{"line":724,"column":4},"end":{"line":726,"column":5}},"type":"if","locations":[{"start":{"line":724,"column":4},"end":{"line":726,"column":5}},{"start":{},"end":{}}],"line":724},"46":{"loc":{"start":{"line":735,"column":21},"end":{"line":742,"column":14}},"type":"cond-expr","locations":[{"start":{"line":736,"column":10},"end":{"line":741,"column":11}},{"start":{"line":742,"column":10},"end":{"line":742,"column":14}}],"line":735},"47":{"loc":{"start":{"line":757,"column":4},"end":{"line":759,"column":5}},"type":"if","locations":[{"start":{"line":757,"column":4},"end":{"line":759,"column":5}},{"start":{},"end":{}}],"line":757},"48":{"loc":{"start":{"line":762,"column":4},"end":{"line":764,"column":5}},"type":"if","locations":[{"start":{"line":762,"column":4},"end":{"line":764,"column":5}},{"start":{},"end":{}}],"line":762},"49":{"loc":{"start":{"line":767,"column":4},"end":{"line":769,"column":5}},"type":"if","locations":[{"start":{"line":767,"column":4},"end":{"line":769,"column":5}},{"start":{},"end":{}}],"line":767},"50":{"loc":{"start":{"line":767,"column":8},"end":{"line":767,"column":45}},"type":"binary-expr","locations":[{"start":{"line":767,"column":8},"end":{"line":767,"column":17}},{"start":{"line":767,"column":21},"end":{"line":767,"column":45}}],"line":767},"51":{"loc":{"start":{"line":788,"column":12},"end":{"line":788,"column":47}},"type":"cond-expr","locations":[{"start":{"line":788,"column":32},"end":{"line":788,"column":36}},{"start":{"line":788,"column":39},"end":{"line":788,"column":47}}],"line":788},"52":{"loc":{"start":{"line":796,"column":4},"end":{"line":813,"column":5}},"type":"if","locations":[{"start":{"line":796,"column":4},"end":{"line":813,"column":5}},{"start":{},"end":{}}],"line":796},"53":{"loc":{"start":{"line":796,"column":8},"end":{"line":796,"column":36}},"type":"binary-expr","locations":[{"start":{"line":796,"column":8},"end":{"line":796,"column":17}},{"start":{"line":796,"column":21},"end":{"line":796,"column":36}}],"line":796},"54":{"loc":{"start":{"line":818,"column":21},"end":{"line":825,"column":14}},"type":"cond-expr","locations":[{"start":{"line":819,"column":10},"end":{"line":824,"column":11}},{"start":{"line":825,"column":10},"end":{"line":825,"column":14}}],"line":818},"55":{"loc":{"start":{"line":828,"column":8},"end":{"line":835,"column":31}},"type":"cond-expr","locations":[{"start":{"line":829,"column":12},"end":{"line":834,"column":13}},{"start":{"line":835,"column":12},"end":{"line":835,"column":31}}],"line":828},"56":{"loc":{"start":{"line":842,"column":6},"end":{"line":842,"column":84}},"type":"binary-expr","locations":[{"start":{"line":842,"column":6},"end":{"line":842,"column":34}},{"start":{"line":842,"column":38},"end":{"line":842,"column":84}}],"line":842},"57":{"loc":{"start":{"line":849,"column":4},"end":{"line":851,"column":5}},"type":"if","locations":[{"start":{"line":849,"column":4},"end":{"line":851,"column":5}},{"start":{},"end":{}}],"line":849},"58":{"loc":{"start":{"line":856,"column":4},"end":{"line":858,"column":5}},"type":"if","locations":[{"start":{"line":856,"column":4},"end":{"line":858,"column":5}},{"start":{},"end":{}}],"line":856},"59":{"loc":{"start":{"line":875,"column":21},"end":{"line":882,"column":14}},"type":"cond-expr","locations":[{"start":{"line":876,"column":10},"end":{"line":881,"column":11}},{"start":{"line":882,"column":10},"end":{"line":882,"column":14}}],"line":875},"60":{"loc":{"start":{"line":890,"column":4},"end":{"line":892,"column":5}},"type":"if","locations":[{"start":{"line":890,"column":4},"end":{"line":892,"column":5}},{"start":{},"end":{}}],"line":890},"61":{"loc":{"start":{"line":905,"column":21},"end":{"line":912,"column":14}},"type":"cond-expr","locations":[{"start":{"line":906,"column":10},"end":{"line":911,"column":11}},{"start":{"line":912,"column":10},"end":{"line":912,"column":14}}],"line":905},"62":{"loc":{"start":{"line":920,"column":27},"end":{"line":920,"column":75}},"type":"binary-expr","locations":[{"start":{"line":920,"column":27},"end":{"line":920,"column":47}},{"start":{"line":920,"column":51},"end":{"line":920,"column":75}}],"line":920},"63":{"loc":{"start":{"line":922,"column":4},"end":{"line":924,"column":5}},"type":"if","locations":[{"start":{"line":922,"column":4},"end":{"line":924,"column":5}},{"start":{},"end":{}}],"line":922},"64":{"loc":{"start":{"line":922,"column":8},"end":{"line":922,"column":41}},"type":"binary-expr","locations":[{"start":{"line":922,"column":8},"end":{"line":922,"column":22}},{"start":{"line":922,"column":26},"end":{"line":922,"column":41}}],"line":922},"65":{"loc":{"start":{"line":932,"column":21},"end":{"line":939,"column":14}},"type":"cond-expr","locations":[{"start":{"line":933,"column":10},"end":{"line":938,"column":11}},{"start":{"line":939,"column":10},"end":{"line":939,"column":14}}],"line":932},"66":{"loc":{"start":{"line":944,"column":4},"end":{"line":947,"column":5}},"type":"if","locations":[{"start":{"line":944,"column":4},"end":{"line":947,"column":5}},{"start":{},"end":{}}],"line":944},"67":{"loc":{"start":{"line":955,"column":4},"end":{"line":957,"column":5}},"type":"if","locations":[{"start":{"line":955,"column":4},"end":{"line":957,"column":5}},{"start":{},"end":{}}],"line":955},"68":{"loc":{"start":{"line":955,"column":8},"end":{"line":955,"column":58}},"type":"binary-expr","locations":[{"start":{"line":955,"column":8},"end":{"line":955,"column":22}},{"start":{"line":955,"column":26},"end":{"line":955,"column":58}}],"line":955},"69":{"loc":{"start":{"line":960,"column":22},"end":{"line":960,"column":60}},"type":"binary-expr","locations":[{"start":{"line":960,"column":22},"end":{"line":960,"column":46}},{"start":{"line":960,"column":50},"end":{"line":960,"column":60}}],"line":960},"70":{"loc":{"start":{"line":965,"column":21},"end":{"line":971,"column":14}},"type":"cond-expr","locations":[{"start":{"line":966,"column":10},"end":{"line":970,"column":11}},{"start":{"line":971,"column":10},"end":{"line":971,"column":14}}],"line":965},"71":{"loc":{"start":{"line":975,"column":4},"end":{"line":977,"column":5}},"type":"if","locations":[{"start":{"line":975,"column":4},"end":{"line":977,"column":5}},{"start":{},"end":{}}],"line":975},"72":{"loc":{"start":{"line":986,"column":4},"end":{"line":988,"column":5}},"type":"if","locations":[{"start":{"line":986,"column":4},"end":{"line":988,"column":5}},{"start":{},"end":{}}],"line":986},"73":{"loc":{"start":{"line":990,"column":4},"end":{"line":992,"column":5}},"type":"if","locations":[{"start":{"line":990,"column":4},"end":{"line":992,"column":5}},{"start":{},"end":{}}],"line":990},"74":{"loc":{"start":{"line":995,"column":4},"end":{"line":997,"column":5}},"type":"if","locations":[{"start":{"line":995,"column":4},"end":{"line":997,"column":5}},{"start":{},"end":{}}],"line":995},"75":{"loc":{"start":{"line":1016,"column":4},"end":{"line":1031,"column":5}},"type":"if","locations":[{"start":{"line":1016,"column":4},"end":{"line":1031,"column":5}},{"start":{},"end":{}}],"line":1016},"76":{"loc":{"start":{"line":1045,"column":8},"end":{"line":1049,"column":16}},"type":"cond-expr","locations":[{"start":{"line":1046,"column":12},"end":{"line":1048,"column":13}},{"start":{"line":1049,"column":12},"end":{"line":1049,"column":16}}],"line":1045}},"s":{"0":1,"1":1,"2":1,"3":1,"4":1,"5":1,"6":7,"7":1,"8":28,"9":38,"10":15,"11":23,"12":1,"13":25,"14":21,"15":31,"16":21,"17":1,"18":28,"19":28,"20":38,"21":28,"22":1,"23":4,"24":0,"25":0,"26":4,"27":4,"28":1,"29":36,"30":1,"31":35,"32":35,"33":1,"34":2,"35":2,"36":2,"37":1,"38":36,"39":36,"40":1,"41":1,"42":35,"43":1,"44":12,"45":6,"46":6,"47":1,"48":31,"49":10,"50":10,"51":1,"52":6,"53":6,"54":1,"55":1,"56":0,"57":0,"58":1,"59":1,"60":1,"61":4,"62":4,"63":4,"64":4,"65":4,"66":4,"67":1,"68":1,"69":1,"70":3,"71":3,"72":3,"73":3,"74":3,"75":3,"76":3,"77":3,"78":1,"79":1,"80":10,"81":10,"82":120,"83":120,"84":120,"85":120,"86":0,"87":0,"88":120,"89":120,"90":120,"91":120,"92":120,"93":0,"94":1,"95":10,"96":10,"97":10,"98":1,"99":8,"100":8,"101":1,"102":8,"103":8,"104":8,"105":8,"106":8,"107":8,"108":0,"109":8,"110":0,"111":1,"112":8,"113":8,"114":8,"115":1,"116":1,"117":4,"118":4,"119":4,"120":1,"121":1,"122":3,"123":2,"124":2,"125":2,"126":2,"127":2,"128":2,"129":1,"130":1,"131":1,"132":0,"133":1,"134":1,"135":1,"136":1,"137":1,"138":1,"139":1,"140":1,"141":4,"142":4,"143":1,"144":3,"145":3,"146":3,"147":3,"148":3,"149":3,"150":3,"151":3,"152":3,"153":2,"154":2,"155":1,"156":1,"157":1,"158":1,"159":1,"160":1,"161":1,"162":1,"163":1,"164":3,"165":3,"166":1,"167":2,"168":2,"169":2,"170":2,"171":2,"172":2,"173":2,"174":2,"175":2,"176":1,"177":1,"178":1,"179":2,"180":1,"181":1,"182":1,"183":1,"184":1,"185":2,"186":2,"187":1,"188":1,"189":2,"190":3,"191":2,"192":1,"193":1,"194":1,"195":1,"196":4,"197":4,"198":1,"199":3,"200":3,"201":3,"202":3,"203":3,"204":3,"205":3,"206":3,"207":8,"208":8,"209":0,"210":8,"211":8,"212":0,"213":8,"214":8,"215":1,"216":7,"217":7,"218":7,"219":7,"220":7,"221":7,"222":7,"223":7,"224":7,"225":7,"226":7,"227":7,"228":7,"229":7,"230":7,"231":7,"232":7,"233":7,"234":2,"235":2,"236":0,"237":2,"238":1,"239":2,"240":1,"241":1,"242":1,"243":1,"244":1,"245":1,"246":1,"247":1,"248":1,"249":3,"250":3,"251":1,"252":2,"253":2,"254":2,"255":4,"256":2,"257":2,"258":2,"259":2,"260":2,"261":12,"262":12,"263":12,"264":1,"265":11,"266":11,"267":11,"268":11,"269":11,"270":11,"271":1,"272":1,"273":10,"274":10,"275":2,"276":2,"277":1,"278":1,"279":1,"280":1,"281":1,"282":1,"283":1,"284":1,"285":1,"286":0,"287":2,"288":6,"289":6,"290":1,"291":5,"292":0,"293":5,"294":5,"295":0,"296":5,"297":5,"298":5,"299":5,"300":5,"301":5,"302":1,"303":1,"304":5,"305":5,"306":5,"307":1,"308":5,"309":5,"310":5,"311":5,"312":5,"313":5,"314":5,"315":2,"316":2,"317":2,"318":1},"f":{"0":7,"1":28,"2":38,"3":25,"4":21,"5":31,"6":21,"7":28,"8":28,"9":38,"10":4,"11":0,"12":0,"13":36,"14":2,"15":36,"16":12,"17":31,"18":6,"19":1,"20":1,"21":4,"22":3,"23":10,"24":120,"25":120,"26":10,"27":10,"28":10,"29":8,"30":8,"31":8,"32":8,"33":8,"34":1,"35":4,"36":1,"37":1,"38":1,"39":4,"40":2,"41":3,"42":2,"43":2,"44":2,"45":1,"46":2,"47":2,"48":3,"49":2,"50":1,"51":4,"52":3,"53":3,"54":8,"55":7,"56":7,"57":7,"58":2,"59":1,"60":1,"61":3,"62":2,"63":4,"64":2,"65":12,"66":11,"67":2,"68":1,"69":2,"70":6,"71":5,"72":2,"73":1},"b":{"0":[15,23],"1":[38,35],"2":[23,0],"3":[23,0],"4":[31,19],"5":[1,35],"6":[1,35],"7":[6,6],"8":[10,21],"9":[0,1],"10":[1,0],"11":[1,3],"12":[3,0],"13":[3,3],"14":[3,0],"15":[1,2],"16":[3,1],"17":[0,120],"18":[120,120,120],"19":[120,0],"20":[0,120],"21":[10,0],"22":[8,0],"23":[8,0],"24":[0,8],"25":[8,1],"26":[8,1],"27":[8,1],"28":[8,0],"29":[8,1],"30":[1,3],"31":[2,0],"32":[1,1],"33":[2,1,1],"34":[1,0],"35":[1,3],"36":[1,2],"37":[1,1],"38":[1,2],"39":[2,0],"40":[1,1],"41":[1,0],"42":[1,1],"43":[2,0],"44":[1,0],"45":[1,3],"46":[3,0],"47":[0,8],"48":[0,8],"49":[1,7],"50":[8,8],"51":[1,6],"52":[7,0],"53":[7,7],"54":[7,0],"55":[1,6],"56":[7,0],"57":[0,2],"58":[1,1],"59":[1,0],"60":[1,2],"61":[2,0],"62":[12,5],"63":[1,11],"64":[12,11],"65":[11,0],"66":[1,10],"67":[1,1],"68":[2,1],"69":[1,0],"70":[1,0],"71":[0,1],"72":[1,5],"73":[0,5],"74":[0,5],"75":[1,4],"76":[1,4]},"_coverageSchema":"1a1c01bbd47fc00a2c39e90264f33305004495a9","hash":"f30349371bcf07ac3e075eec8cc95455ab2f5c13"}
,"/home/wws/wsTrack/mobile/src/utils/calculateVolume.ts": {"path":"/home/wws/wsTrack/mobile/src/utils/calculateVolume.ts","statementMap":{"0":{"start":{"line":8,"column":31},"end":{"line":21,"column":1}},"1":{"start":{"line":9,"column":17},"end":{"line":18,"column":7}},"2":{"start":{"line":10,"column":4},"end":{"line":12,"column":5}},"3":{"start":{"line":11,"column":6},"end":{"line":11,"column":19}},"4":{"start":{"line":14,"column":19},"end":{"line":14,"column":41}},"5":{"start":{"line":15,"column":17},"end":{"line":15,"column":37}},"6":{"start":{"line":17,"column":4},"end":{"line":17,"column":33}},"7":{"start":{"line":20,"column":2},"end":{"line":20,"column":35}}},"fnMap":{"0":{"name":"(anonymous_0)","decl":{"start":{"line":8,"column":31},"end":{"line":8,"column":32}},"loc":{"start":{"line":8,"column":79},"end":{"line":21,"column":1}},"line":8},"1":{"name":"(anonymous_1)","decl":{"start":{"line":9,"column":29},"end":{"line":9,"column":30}},"loc":{"start":{"line":9,"column":52},"end":{"line":18,"column":3}},"line":9}},"branchMap":{"0":{"loc":{"start":{"line":10,"column":4},"end":{"line":12,"column":5}},"type":"if","locations":[{"start":{"line":10,"column":4},"end":{"line":12,"column":5}},{"start":{},"end":{}}],"line":10},"1":{"loc":{"start":{"line":10,"column":8},"end":{"line":10,"column":63}},"type":"binary-expr","locations":[{"start":{"line":10,"column":8},"end":{"line":10,"column":27}},{"start":{"line":10,"column":31},"end":{"line":10,"column":63}}],"line":10},"2":{"loc":{"start":{"line":14,"column":19},"end":{"line":14,"column":41}},"type":"binary-expr","locations":[{"start":{"line":14,"column":19},"end":{"line":14,"column":36}},{"start":{"line":14,"column":40},"end":{"line":14,"column":41}}],"line":14},"3":{"loc":{"start":{"line":15,"column":17},"end":{"line":15,"column":37}},"type":"binary-expr","locations":[{"start":{"line":15,"column":17},"end":{"line":15,"column":32}},{"start":{"line":15,"column":36},"end":{"line":15,"column":37}}],"line":15}},"s":{"0":1,"1":7,"2":18,"3":4,"4":14,"5":14,"6":14,"7":7},"f":{"0":7,"1":18},"b":{"0":[4,14],"1":[18,16],"2":[14,2],"3":[14,2]},"_coverageSchema":"1a1c01bbd47fc00a2c39e90264f33305004495a9","hash":"84f749f5cdd51d686855e97211f1ecc01869b2cf"}
,"/home/wws/wsTrack/mobile/src/utils/convertWeight.ts": {"path":"/home/wws/wsTrack/mobile/src/utils/convertWeight.ts","statementMap":{"0":{"start":{"line":3,"column":19},"end":{"line":3,"column":31}},"1":{"start":{"line":5,"column":29},"end":{"line":18,"column":1}},"2":{"start":{"line":10,"column":2},"end":{"line":12,"column":3}},"3":{"start":{"line":11,"column":4},"end":{"line":11,"column":36}},"4":{"start":{"line":15,"column":4},"end":{"line":15,"column":68}},"5":{"start":{"line":17,"column":2},"end":{"line":17,"column":43}}},"fnMap":{"0":{"name":"(anonymous_0)","decl":{"start":{"line":5,"column":29},"end":{"line":5,"column":30}},"loc":{"start":{"line":9,"column":13},"end":{"line":18,"column":1}},"line":9}},"branchMap":{"0":{"loc":{"start":{"line":10,"column":2},"end":{"line":12,"column":3}},"type":"if","locations":[{"start":{"line":10,"column":2},"end":{"line":12,"column":3}},{"start":{},"end":{}}],"line":10},"1":{"loc":{"start":{"line":15,"column":4},"end":{"line":15,"column":68}},"type":"cond-expr","locations":[{"start":{"line":15,"column":29},"end":{"line":15,"column":47}},{"start":{"line":15,"column":50},"end":{"line":15,"column":68}}],"line":15}},"s":{"0":1,"1":1,"2":7,"3":1,"4":6,"5":6},"f":{"0":7},"b":{"0":[1,6],"1":[3,3]},"_coverageSchema":"1a1c01bbd47fc00a2c39e90264f33305004495a9","hash":"7f166dc1a4fce9e408eef17d8a6f5b3e75ac9184"}
,"/home/wws/wsTrack/mobile/src/utils/estimate1RM.ts": {"path":"/home/wws/wsTrack/mobile/src/utils/estimate1RM.ts","statementMap":{"0":{"start":{"line":3,"column":27},"end":{"line":33,"column":1}},"1":{"start":{"line":8,"column":2},"end":{"line":10,"column":3}},"2":{"start":{"line":9,"column":4},"end":{"line":9,"column":60}},"3":{"start":{"line":12,"column":2},"end":{"line":14,"column":3}},"4":{"start":{"line":13,"column":4},"end":{"line":13,"column":13}},"5":{"start":{"line":16,"column":2},"end":{"line":18,"column":3}},"6":{"start":{"line":17,"column":4},"end":{"line":17,"column":37}},"7":{"start":{"line":20,"column":2},"end":{"line":32,"column":3}},"8":{"start":{"line":22,"column":6},"end":{"line":24,"column":7}},"9":{"start":{"line":23,"column":8},"end":{"line":23,"column":41}},"10":{"start":{"line":26,"column":6},"end":{"line":26,"column":62}},"11":{"start":{"line":28,"column":6},"end":{"line":28,"column":63}},"12":{"start":{"line":31,"column":6},"end":{"line":31,"column":59}}},"fnMap":{"0":{"name":"(anonymous_0)","decl":{"start":{"line":3,"column":27},"end":{"line":3,"column":28}},"loc":{"start":{"line":7,"column":13},"end":{"line":33,"column":1}},"line":7}},"branchMap":{"0":{"loc":{"start":{"line":6,"column":2},"end":{"line":6,"column":37}},"type":"default-arg","locations":[{"start":{"line":6,"column":30},"end":{"line":6,"column":37}}],"line":6},"1":{"loc":{"start":{"line":8,"column":2},"end":{"line":10,"column":3}},"type":"if","locations":[{"start":{"line":8,"column":2},"end":{"line":10,"column":3}},{"start":{},"end":{}}],"line":8},"2":{"loc":{"start":{"line":8,"column":6},"end":{"line":8,"column":28}},"type":"binary-expr","locations":[{"start":{"line":8,"column":6},"end":{"line":8,"column":16}},{"start":{"line":8,"column":20},"end":{"line":8,"column":28}}],"line":8},"3":{"loc":{"start":{"line":12,"column":2},"end":{"line":14,"column":3}},"type":"if","locations":[{"start":{"line":12,"column":2},"end":{"line":14,"column":3}},{"start":{},"end":{}}],"line":12},"4":{"loc":{"start":{"line":12,"column":6},"end":{"line":12,"column":32}},"type":"binary-expr","locations":[{"start":{"line":12,"column":6},"end":{"line":12,"column":18}},{"start":{"line":12,"column":22},"end":{"line":12,"column":32}}],"line":12},"5":{"loc":{"start":{"line":16,"column":2},"end":{"line":18,"column":3}},"type":"if","locations":[{"start":{"line":16,"column":2},"end":{"line":18,"column":3}},{"start":{},"end":{}}],"line":16},"6":{"loc":{"start":{"line":20,"column":2},"end":{"line":32,"column":3}},"type":"switch","locations":[{"start":{"line":21,"column":4},"end":{"line":26,"column":62}},{"start":{"line":27,"column":4},"end":{"line":28,"column":63}},{"start":{"line":29,"column":4},"end":{"line":29,"column":17}},{"start":{"line":30,"column":4},"end":{"line":31,"column":59}}],"line":20},"7":{"loc":{"start":{"line":22,"column":6},"end":{"line":24,"column":7}},"type":"if","locations":[{"start":{"line":22,"column":6},"end":{"line":24,"column":7}},{"start":{},"end":{}}],"line":22}},"s":{"0":1,"1":11,"2":2,"3":9,"4":1,"5":8,"6":3,"7":5,"8":2,"9":1,"10":1,"11":1,"12":2},"f":{"0":11},"b":{"0":[1],"1":[2,9],"2":[11,10],"3":[1,8],"4":[9,9],"5":[3,5],"6":[2,1,2,2],"7":[1,1]},"_coverageSchema":"1a1c01bbd47fc00a2c39e90264f33305004495a9","hash":"a4c741867031be5c1929e69ed370841b77f976a7"}
}
