TN:
SF:src/store/settingsStore.ts
FN:10,(anonymous_0)
FN:30,(anonymous_1)
FN:35,(anonymous_2)
FN:36,(anonymous_3)
FN:40,(anonymous_4)
FN:41,(anonymous_5)
FN:42,(anonymous_6)
FN:43,(anonymous_7)
FN:50,(anonymous_8)
FN:56,(anonymous_9)
FNF:10
FNH:7
FNDA:2,(anonymous_0)
FNDA:2,(anonymous_1)
FNDA:1,(anonymous_2)
FNDA:1,(anonymous_3)
FNDA:0,(anonymous_4)
FNDA:1,(anonymous_5)
FNDA:0,(anonymous_6)
FNDA:0,(anonymous_7)
FNDA:58,(anonymous_8)
FNDA:2,(anonymous_9)
DA:10,2
DA:11,2
DA:28,2
DA:30,2
DA:35,1
DA:37,1
DA:40,0
DA:41,1
DA:43,0
DA:50,58
DA:56,2
LF:11
LH:9
BRDA:11,0,0,2
BRDA:11,0,1,0
BRDA:44,1,0,0
BRDA:44,1,1,0
BRDA:45,2,0,0
BRDA:45,2,1,0
BRF:6
BRH:1
end_of_record
TN:
SF:src/store/workoutStore.ts
FN:127,(anonymous_0)
FN:130,(anonymous_1)
FN:132,(anonymous_2)
FN:141,(anonymous_3)
FN:146,(anonymous_4)
FN:147,(anonymous_5)
FN:151,(anonymous_6)
FN:155,(anonymous_7)
FN:156,(anonymous_8)
FN:157,(anonymous_9)
FN:169,(anonymous_10)
FN:175,(anonymous_11)
FN:179,(anonymous_12)
FN:203,(anonymous_13)
FN:226,(anonymous_14)
FN:247,(anonymous_15)
FN:263,(anonymous_16)
FN:270,(anonymous_17)
FN:277,(anonymous_18)
FN:289,(anonymous_19)
FN:296,(anonymous_20)
FN:307,(anonymous_21)
FN:346,(anonymous_22)
FN:367,(anonymous_23)
FN:379,(anonymous_24)
FN:391,(anonymous_25)
FN:406,(anonymous_26)
FN:412,(anonymous_27)
FN:414,(anonymous_28)
FN:418,(anonymous_29)
FN:424,(anonymous_30)
FN:434,(anonymous_31)
FN:443,(anonymous_32)
FN:461,(anonymous_33)
FN:482,(anonymous_34)
FN:492,(anonymous_35)
FN:539,(anonymous_36)
FN:553,(anonymous_37)
FN:557,(anonymous_38)
FN:561,(anonymous_39)
FN:597,(anonymous_40)
FN:630,(anonymous_41)
FN:654,(anonymous_42)
FN:668,(anonymous_43)
FN:678,(anonymous_44)
FN:683,(anonymous_45)
FN:697,(anonymous_46)
FN:704,(anonymous_47)
FN:705,(anonymous_48)
FN:707,(anonymous_49)
FN:709,(anonymous_50)
FN:722,(anonymous_51)
FN:728,(anonymous_52)
FN:734,(anonymous_53)
FN:755,(anonymous_54)
FN:785,(anonymous_55)
FN:792,(anonymous_56)
FN:817,(anonymous_57)
FN:847,(anonymous_58)
FN:854,(anonymous_59)
FN:874,(anonymous_60)
FN:888,(anonymous_61)
FN:897,(anonymous_62)
FN:899,(anonymous_63)
FN:904,(anonymous_64)
FN:918,(anonymous_65)
FN:931,(anonymous_66)
FN:953,(anonymous_67)
FN:964,(anonymous_68)
FN:980,(anonymous_69)
FN:984,(anonymous_70)
FN:1004,(anonymous_71)
FN:1066,(anonymous_72)
FN:1079,(anonymous_73)
FNF:74
FNH:72
FNDA:7,(anonymous_0)
FNDA:28,(anonymous_1)
FNDA:38,(anonymous_2)
FNDA:25,(anonymous_3)
FNDA:21,(anonymous_4)
FNDA:31,(anonymous_5)
FNDA:21,(anonymous_6)
FNDA:28,(anonymous_7)
FNDA:28,(anonymous_8)
FNDA:38,(anonymous_9)
FNDA:4,(anonymous_10)
FNDA:0,(anonymous_11)
FNDA:0,(anonymous_12)
FNDA:36,(anonymous_13)
FNDA:2,(anonymous_14)
FNDA:36,(anonymous_15)
FNDA:12,(anonymous_16)
FNDA:31,(anonymous_17)
FNDA:6,(anonymous_18)
FNDA:1,(anonymous_19)
FNDA:1,(anonymous_20)
FNDA:4,(anonymous_21)
FNDA:3,(anonymous_22)
FNDA:10,(anonymous_23)
FNDA:120,(anonymous_24)
FNDA:120,(anonymous_25)
FNDA:10,(anonymous_26)
FNDA:10,(anonymous_27)
FNDA:10,(anonymous_28)
FNDA:8,(anonymous_29)
FNDA:8,(anonymous_30)
FNDA:8,(anonymous_31)
FNDA:8,(anonymous_32)
FNDA:8,(anonymous_33)
FNDA:1,(anonymous_34)
FNDA:4,(anonymous_35)
FNDA:1,(anonymous_36)
FNDA:1,(anonymous_37)
FNDA:1,(anonymous_38)
FNDA:4,(anonymous_39)
FNDA:2,(anonymous_40)
FNDA:3,(anonymous_41)
FNDA:2,(anonymous_42)
FNDA:2,(anonymous_43)
FNDA:2,(anonymous_44)
FNDA:1,(anonymous_45)
FNDA:2,(anonymous_46)
FNDA:2,(anonymous_47)
FNDA:3,(anonymous_48)
FNDA:2,(anonymous_49)
FNDA:1,(anonymous_50)
FNDA:4,(anonymous_51)
FNDA:3,(anonymous_52)
FNDA:3,(anonymous_53)
FNDA:8,(anonymous_54)
FNDA:7,(anonymous_55)
FNDA:7,(anonymous_56)
FNDA:7,(anonymous_57)
FNDA:2,(anonymous_58)
FNDA:1,(anonymous_59)
FNDA:1,(anonymous_60)
FNDA:3,(anonymous_61)
FNDA:2,(anonymous_62)
FNDA:4,(anonymous_63)
FNDA:2,(anonymous_64)
FNDA:12,(anonymous_65)
FNDA:11,(anonymous_66)
FNDA:2,(anonymous_67)
FNDA:1,(anonymous_68)
FNDA:2,(anonymous_69)
FNDA:6,(anonymous_70)
FNDA:5,(anonymous_71)
FNDA:2,(anonymous_72)
FNDA:1,(anonymous_73)
DA:27,1
DA:28,1
DA:29,1
DA:31,1
DA:32,1
DA:127,1
DA:128,7
DA:130,1
DA:131,28
DA:133,38
DA:134,15
DA:137,23
DA:141,1
DA:144,25
DA:147,31
DA:151,21
DA:155,1
DA:156,28
DA:157,38
DA:162,28
DA:169,1
DA:175,4
DA:179,0
DA:187,4
DA:189,4
DA:203,1
DA:209,36
DA:210,1
DA:213,35
DA:223,35
DA:226,1
DA:232,2
DA:233,2
DA:239,2
DA:247,1
DA:253,36
DA:255,36
DA:256,1
DA:257,1
DA:260,35
DA:263,1
DA:264,12
DA:265,6
DA:266,6
DA:270,1
DA:271,31
DA:272,10
DA:273,10
DA:277,1
DA:287,6
DA:289,6
DA:290,1
DA:291,1
DA:292,0
DA:293,0
DA:296,1
DA:307,1
DA:318,4
DA:319,4
DA:320,4
DA:321,4
DA:323,4
DA:325,4
DA:326,1
DA:331,1
DA:332,1
DA:335,3
DA:336,3
DA:337,3
DA:341,3
DA:346,3
DA:360,3
DA:362,3
DA:363,1
DA:367,1
DA:377,10
DA:379,10
DA:380,120
DA:381,120
DA:382,120
DA:383,120
DA:384,0
DA:385,0
DA:388,120
DA:389,120
DA:391,120
DA:400,120
DA:401,0
DA:406,1
DA:411,10
DA:412,10
DA:414,10
DA:418,1
DA:423,8
DA:425,8
DA:434,1
DA:442,8
DA:443,8
DA:444,8
DA:445,8
DA:446,8
DA:447,0
DA:450,8
DA:458,0
DA:461,1
DA:469,8
DA:470,8
DA:472,8
DA:482,1
DA:493,4
DA:494,4
DA:495,4
DA:496,1
DA:497,1
DA:500,3
DA:501,2
DA:503,2
DA:508,2
DA:509,2
DA:510,2
DA:512,2
DA:517,1
DA:518,1
DA:519,1
DA:521,0
DA:526,1
DA:527,1
DA:540,1
DA:541,1
DA:542,1
DA:550,1
DA:554,1
DA:558,1
DA:562,4
DA:563,4
DA:564,1
DA:567,3
DA:568,3
DA:569,3
DA:575,3
DA:580,3
DA:582,3
DA:591,3
DA:592,3
DA:594,3
DA:598,2
DA:599,2
DA:600,1
DA:603,1
DA:604,1
DA:608,1
DA:613,1
DA:615,1
DA:624,1
DA:625,1
DA:627,1
DA:631,3
DA:632,3
DA:633,1
DA:636,2
DA:641,2
DA:652,2
DA:654,2
DA:664,2
DA:665,2
DA:669,2
DA:670,2
DA:671,1
DA:674,1
DA:676,1
DA:678,2
DA:681,1
DA:683,1
DA:693,1
DA:694,1
DA:698,2
DA:699,2
DA:700,1
DA:703,1
DA:705,3
DA:707,2
DA:709,1
DA:718,1
DA:719,1
DA:723,4
DA:724,4
DA:725,1
DA:728,3
DA:732,3
DA:734,3
DA:745,3
DA:751,3
DA:752,3
DA:756,8
DA:757,8
DA:758,0
DA:761,8
DA:762,8
DA:763,0
DA:766,8
DA:767,8
DA:768,1
DA:771,7
DA:772,7
DA:777,7
DA:785,7
DA:791,7
DA:792,7
DA:794,7
DA:796,7
DA:797,7
DA:798,7
DA:808,7
DA:815,7
DA:817,7
DA:840,7
DA:841,7
DA:844,7
DA:848,2
DA:849,2
DA:850,0
DA:853,2
DA:854,1
DA:856,2
DA:857,1
DA:860,1
DA:861,1
DA:871,1
DA:872,1
DA:874,1
DA:884,1
DA:885,1
DA:889,3
DA:890,3
DA:891,1
DA:894,2
DA:896,2
DA:897,2
DA:899,4
DA:902,2
DA:904,2
DA:914,2
DA:915,2
DA:919,12
DA:920,12
DA:922,12
DA:923,1
DA:926,11
DA:928,11
DA:929,11
DA:931,11
DA:944,11
DA:945,1
DA:946,1
DA:949,10
DA:950,10
DA:954,2
DA:955,2
DA:956,1
DA:959,1
DA:960,1
DA:961,1
DA:962,1
DA:964,1
DA:973,1
DA:975,1
DA:976,0
DA:981,2
DA:985,6
DA:986,6
DA:987,1
DA:990,5
DA:991,0
DA:994,5
DA:995,5
DA:996,0
DA:999,5
DA:1000,5
DA:1002,5
DA:1003,5
DA:1004,5
DA:1016,5
DA:1017,1
DA:1018,1
DA:1033,5
DA:1034,5
DA:1035,5
DA:1037,1
DA:1040,5
DA:1041,5
DA:1042,5
DA:1056,5
DA:1057,5
DA:1058,5
DA:1063,5
DA:1067,2
DA:1072,2
DA:1073,2
DA:1080,1
LF:299
LH:284
BRDA:133,0,0,15
BRDA:133,0,1,23
BRDA:133,1,0,38
BRDA:133,1,1,35
BRDA:137,2,0,23
BRDA:137,2,1,0
BRDA:137,3,0,23
BRDA:137,3,1,0
BRDA:147,4,0,31
BRDA:147,4,1,19
BRDA:209,5,0,1
BRDA:209,5,1,35
BRDA:255,6,0,1
BRDA:255,6,1,35
BRDA:264,7,0,6
BRDA:264,7,1,6
BRDA:271,8,0,10
BRDA:271,8,1,21
BRDA:291,9,0,0
BRDA:291,9,1,1
BRDA:297,10,0,1
BRDA:297,10,1,0
BRDA:325,11,0,1
BRDA:325,11,1,3
BRDA:336,12,0,3
BRDA:336,12,1,0
BRDA:336,13,0,3
BRDA:336,13,1,3
BRDA:347,14,0,3
BRDA:347,14,1,0
BRDA:362,15,0,1
BRDA:362,15,1,2
BRDA:362,16,0,3
BRDA:362,16,1,1
BRDA:383,17,0,0
BRDA:383,17,1,120
BRDA:383,18,0,120
BRDA:383,18,1,120
BRDA:383,18,2,120
BRDA:392,19,0,120
BRDA:392,19,1,0
BRDA:400,20,0,0
BRDA:400,20,1,120
BRDA:414,21,0,10
BRDA:414,21,1,0
BRDA:425,22,0,8
BRDA:425,22,1,0
BRDA:444,23,0,8
BRDA:444,23,1,0
BRDA:446,24,0,0
BRDA:446,24,1,8
BRDA:473,25,0,8
BRDA:473,25,1,1
BRDA:474,26,0,8
BRDA:474,26,1,1
BRDA:475,27,0,8
BRDA:475,27,1,1
BRDA:477,28,0,8
BRDA:477,28,1,0
BRDA:478,29,0,8
BRDA:478,29,1,1
BRDA:495,30,0,1
BRDA:495,30,1,3
BRDA:509,31,0,2
BRDA:509,31,1,0
BRDA:512,32,0,1
BRDA:512,32,1,1
BRDA:513,33,0,2
BRDA:513,33,1,1
BRDA:513,33,2,1
BRDA:518,34,0,1
BRDA:518,34,1,0
BRDA:563,35,0,1
BRDA:563,35,1,3
BRDA:569,36,0,1
BRDA:569,36,1,2
BRDA:599,37,0,1
BRDA:599,37,1,1
BRDA:632,38,0,1
BRDA:632,38,1,2
BRDA:655,39,0,2
BRDA:655,39,1,0
BRDA:670,40,0,1
BRDA:670,40,1,1
BRDA:684,41,0,1
BRDA:684,41,1,0
BRDA:699,42,0,1
BRDA:699,42,1,1
BRDA:705,43,0,2
BRDA:705,43,1,0
BRDA:710,44,0,1
BRDA:710,44,1,0
BRDA:724,45,0,1
BRDA:724,45,1,3
BRDA:735,46,0,3
BRDA:735,46,1,0
BRDA:757,47,0,0
BRDA:757,47,1,8
BRDA:762,48,0,0
BRDA:762,48,1,8
BRDA:767,49,0,1
BRDA:767,49,1,7
BRDA:767,50,0,8
BRDA:767,50,1,8
BRDA:788,51,0,1
BRDA:788,51,1,6
BRDA:796,52,0,7
BRDA:796,52,1,0
BRDA:796,53,0,7
BRDA:796,53,1,7
BRDA:818,54,0,7
BRDA:818,54,1,0
BRDA:828,55,0,1
BRDA:828,55,1,6
BRDA:842,56,0,7
BRDA:842,56,1,0
BRDA:849,57,0,0
BRDA:849,57,1,2
BRDA:856,58,0,1
BRDA:856,58,1,1
BRDA:875,59,0,1
BRDA:875,59,1,0
BRDA:890,60,0,1
BRDA:890,60,1,2
BRDA:905,61,0,2
BRDA:905,61,1,0
BRDA:920,62,0,12
BRDA:920,62,1,5
BRDA:922,63,0,1
BRDA:922,63,1,11
BRDA:922,64,0,12
BRDA:922,64,1,11
BRDA:932,65,0,11
BRDA:932,65,1,0
BRDA:944,66,0,1
BRDA:944,66,1,10
BRDA:955,67,0,1
BRDA:955,67,1,1
BRDA:955,68,0,2
BRDA:955,68,1,1
BRDA:960,69,0,1
BRDA:960,69,1,0
BRDA:965,70,0,1
BRDA:965,70,1,0
BRDA:975,71,0,0
BRDA:975,71,1,1
BRDA:986,72,0,1
BRDA:986,72,1,5
BRDA:990,73,0,0
BRDA:990,73,1,5
BRDA:995,74,0,0
BRDA:995,74,1,5
BRDA:1016,75,0,1
BRDA:1016,75,1,4
BRDA:1045,76,0,1
BRDA:1045,76,1,4
BRF:156
BRH:121
end_of_record
TN:
SF:src/utils/calculateVolume.ts
FN:8,(anonymous_0)
FN:9,(anonymous_1)
FNF:2
FNH:2
FNDA:7,(anonymous_0)
FNDA:18,(anonymous_1)
DA:8,1
DA:9,7
DA:10,18
DA:11,4
DA:14,14
DA:15,14
DA:17,14
DA:20,7
LF:8
LH:8
BRDA:10,0,0,4
BRDA:10,0,1,14
BRDA:10,1,0,18
BRDA:10,1,1,16
BRDA:14,2,0,14
BRDA:14,2,1,2
BRDA:15,3,0,14
BRDA:15,3,1,2
BRF:8
BRH:8
end_of_record
TN:
SF:src/utils/convertWeight.ts
FN:5,(anonymous_0)
FNF:1
FNH:1
FNDA:7,(anonymous_0)
DA:3,1
DA:5,1
DA:10,7
DA:11,1
DA:15,6
DA:17,6
LF:6
LH:6
BRDA:10,0,0,1
BRDA:10,0,1,6
BRDA:15,1,0,3
BRDA:15,1,1,3
BRF:4
BRH:4
end_of_record
TN:
SF:src/utils/estimate1RM.ts
FN:3,(anonymous_0)
FNF:1
FNH:1
FNDA:11,(anonymous_0)
DA:3,1
DA:8,11
DA:9,2
DA:12,9
DA:13,1
DA:16,8
DA:17,3
DA:20,5
DA:22,2
DA:23,1
DA:26,1
DA:28,1
DA:31,2
LF:13
LH:13
BRDA:6,0,0,1
BRDA:8,1,0,2
BRDA:8,1,1,9
BRDA:8,2,0,11
BRDA:8,2,1,10
BRDA:12,3,0,1
BRDA:12,3,1,8
BRDA:12,4,0,9
BRDA:12,4,1,9
BRDA:16,5,0,3
BRDA:16,5,1,5
BRDA:20,6,0,2
BRDA:20,6,1,1
BRDA:20,6,2,2
BRDA:20,6,3,2
BRDA:22,7,0,1
BRDA:22,7,1,1
BRF:17
BRH:17
end_of_record
